<?xml version="1.0" encoding="UTF-8" ?>
<testsuite errors="1" failures="0" hostname="Marcin-Laptop" name="org.impressivecode.depress.scm.svn.test.functional.StructuralTestSuit" tests="1" time="0.0" timestamp="2013-03-30T13:56:49">
  <properties>
    <property name="java.vendor" value="Oracle Corporation" />
    <property name="env.MOZ_PLUGIN_PATH" value="C:\PROGRAM FILES (X86)\FOXIT SOFTWARE\FOXIT READER\plugins\" />
    <property name="sun.java.launcher" value="SUN_STANDARD" />
    <property name="eclipse.pdebuild.templates" value="/D:/App/Knime_2.7.2/plugins/org.eclipse.pde.build_3.7.0.v20111116-2009/templates/" />
    <property name="sun.management.compiler" value="HotSpot 64-Bit Tiered Compilers" />
    <property name="env.PROMPT" value="$P$G" />
    <property name="os.name" value="Windows 7" />
    <property name="ant.file.type.plugin" value="file" />
    <property name="env.FP_NO_HOST_CHECK" value="NO" />
    <property name="sun.boot.class.path" value="D:\App\Knime_2.7.2\jre\lib\resources.jar;D:\App\Knime_2.7.2\jre\lib\rt.jar;D:\App\Knime_2.7.2\jre\lib\sunrsasign.jar;D:\App\Knime_2.7.2\jre\lib\jsse.jar;D:\App\Knime_2.7.2\jre\lib\jce.jar;D:\App\Knime_2.7.2\jre\lib\charsets.jar;D:\App\Knime_2.7.2\jre\lib\jfr.jar;D:\App\Knime_2.7.2\jre\classes" />
    <property name="env.XNAGSShared" value="C:\Program Files (x86)\Common Files\Microsoft Shared\XNA\" />
    <property name="env.COMPUTERNAME" value="MARCIN-LAPTOP" />
    <property name="env.CommonProgramW6432" value="C:\Program Files\Common Files" />
    <property name="env.ALLUSERSPROFILE" value="C:\ProgramData" />
    <property name="sun.desktop" value="windows" />
    <property name="java.vm.specification.vendor" value="Oracle Corporation" />
    <property name="ant.home" value="D:\App\Knime_2.7.2\plugins\org.apache.ant_1.8.2.v20120109-1030" />
    <property name="java.runtime.version" value="1.7.0_07-b11" />
    <property name="env.HOMEPATH" value="\Users\Marcin" />
    <property name="user.name" value="Marcin" />
    <property name="env.QTJAVA" value="C:\Program Files (x86)\Java\jre7\lib\ext\QTJava.zip" />
    <property name="user.language" value="pl" />
    <property name="sun.boot.library.path" value="D:\App\Knime_2.7.2\jre\bin" />
    <property name="ant.project.default-target" value="build" />
    <property name="ant.project.name" value="plugin" />
    <property name="java.version" value="1.7.0_07" />
    <property name="env.PROCESSOR_IDENTIFIER" value="Intel64 Family 6 Model 42 Stepping 7, GenuineIntel" />
    <property name="env.OnlineServices" value="Online Services" />
    <property name="user.timezone" value="" />
    <property name="env.TEMP" value="C:\Users\Marcin\AppData\Local\Temp" />
    <property name="sun.arch.data.model" value="64" />
    <property name="env.SSH_AGENT_PID" value="1312" />
    <property name="java.endorsed.dirs" value="D:\App\Knime_2.7.2\jre\lib\endorsed" />
    <property name="sun.cpu.isalist" value="amd64" />
    <property name="env.HOMEDRIVE" value="C:" />
    <property name="sun.jnu.encoding" value="Cp1250" />
    <property name="file.encoding.pkg" value="sun.io" />
    <property name="env.VS110COMNTOOLS" value="C:\Program Files (x86)\Microsoft Visual Studio 11.0\Common7\Tools\" />
    <property name="ECLIPSE_HOME" value="../../../../../App/Knime_2.7.2" />
    <property name="file.separator" value="\" />
    <property name="java.specification.name" value="Java Platform API Specification" />
    <property name="java.class.version" value="51.0" />
    <property name="user.country" value="PL" />
    <property name="java.home" value="D:\App\Knime_2.7.2\jre" />
    <property name="env.PSModulePath" value="C:\Windows\system32\WindowsPowerShell\v1.0\Modules\" />
    <property name="env.APPDATA" value="C:\Users\Marcin\AppData\Roaming" />
    <property name="env.PUBLIC" value="C:\Users\Public" />
    <property name="java.vm.info" value="mixed mode" />
    <property name="env.ComSpec" value="C:\Windows\system32\cmd.exe" />
    <property name="env.OS" value="Windows_NT" />
    <property name="env.CommonProgramFiles" value="C:\Program Files\Common Files" />
    <property name="ant.file" value="D:\Git\4\ic-depress\ic-depress-scm-svn\plugin\build.xml" />
    <property name="os.version" value="6.1" />
    <property name="env.ProgramW6432" value="C:\Program Files" />
    <property name="env.AMDAPPSDKROOT" value="C:\Program Files (x86)\AMD APP\" />
    <property name="path.separator" value=";" />
    <property name="java.vm.version" value="23.3-b01" />
    <property name="user.variant" value="" />
    <property name="env.USERPROFILE" value="C:\Users\Marcin" />
    <property name="ant.library.dir" value="D:\App\Knime_2.7.2\plugins\org.apache.ant_1.8.2.v20120109-1030\lib" />
    <property name="junit.output.dir" value="junit" />
    <property name="env.JAVA_HOME" value="C:\Program Files\Java\jdk1.7.0_04" />
    <property name="java.awt.printerjob" value="sun.awt.windows.WPrinterJob" />
    <property name="env.TMP" value="C:\Users\Marcin\AppData\Local\Temp" />
    <property name="sun.io.unicode.encoding" value="UnicodeLittle" />
    <property name="awt.toolkit" value="sun.awt.windows.WToolkit" />
    <property name="user.script" value="" />
    <property name="eclipse.pdebuild.scripts" value="/D:/App/Knime_2.7.2/plugins/org.eclipse.pde.build_3.7.0.v20111116-2009/scripts/" />
    <property name="user.home" value="C:\Users\Marcin" />
    <property name="target" value="1.7" />
    <property name="env.ProgramData" value="C:\ProgramData" />
    <property name="env.ProgramFiles(x86)" value="C:\Program Files (x86)" />
    <property name="env.SESSIONNAME" value="Console" />
    <property name="env.CLASSPATH" value=".;C:\Program Files (x86)\Java\jre7\lib\ext\QTJava.zip" />
    <property name="java.specification.vendor" value="Oracle Corporation" />
    <property name="java.vendor.url" value="http://java.oracle.com/" />
    <property name="java.library.path" value="D:\App\Knime_2.7.2\jre\bin;C:\Windows\Sun\Java\bin;C:\Windows\system32;C:\Windows;D:/App/Knime_2.7.2/jre/bin/server;D:/App/Knime_2.7.2/jre/bin;D:/App/Knime_2.7.2/jre/lib/amd64;C:\Program Files (x86)\PC Connectivity Solution\;C:\Program Files\Common Files\Microsoft Shared\Windows Live;C:\Program Files (x86)\Common Files\Microsoft Shared\Windows Live;C:\Program Files (x86)\AMD APP\bin\x86_64;C:\Program Files (x86)\AMD APP\bin\x86;C:\Program Files (x86)\HP SimplePass 2011\;C:\Windows\system32;C:\Windows;C:\Windows\System32\Wbem;C:\Program Files (x86)\Windows Live\Shared;C:\Program Files (x86)\ATI Technologies\ATI.ACE\Core-Static;D:\DEV\MinGW\msys\1.0\bin;D:\DEV\MinGW\bin;C:\Program Files (x86)\Microsoft SQL Server\90\Tools\binn\;C:\Program Files (x86)\Clarius Consulting\Orientation Aware Control 2008\;D:\App\TortoiseSVN\bin;C:\Program Files\Java\jdk1.7.0_04\bin;C:\Program Files (x86)\Microsoft SQL Server\100\Tools\Binn\VSShell\Common7\IDE\;C:\Program Files (x86)\Microsoft SQL Server\100\Tools\Binn\;C:\Program Files\Microsoft SQL Server\100\Tools\Binn\;C:\Program Files (x86)\Microsoft SQL Server\100\DTS\Binn\;C:\Program Files\Microsoft SQL Server\100\DTS\Binn\;D:\App\doxygen\bin;C:\Program Files\Microsoft Windows Performance Toolkit\;C:\Program Files (x86)\QuickTime\QTSystem\;D:\App\MATLAB\R2009a\bin;D:\App\MATLAB\R2009a\bin\win64;C:\Windows\System32\WindowsPowerShell\v1.0\;C:\Program Files\Microsoft\Web Platform Installer\;C:\Program Files (x86)\Microsoft ASP.NET\ASP.NET Web Pages\v1.0\;C:\Program Files (x86)\Windows Kits\8.0\Windows Performance Toolkit\;C:\Program Files\Microsoft SQL Server\110\Tools\Binn\;C:\Program Files\TortoiseHg\;D:\DEV\mvn3.0.5\bin;D:\DEV\ant1.9.0\bin;D:\App\TortoiseGit\bin;D:\DEV\ant1.9.0\bin;D:\App\Knime_2.7.2;;." />
    <property name="env.NUMBER_OF_PROCESSORS" value="4" />
    <property name="java.vm.vendor" value="Oracle Corporation" />
    <property name="java.runtime.name" value="Java(TM) SE Runtime Environment" />
    <property name="java.class.path" value="D:\Git\4\ic-depress\ic-depress-scm-svn\plugin\target\classes;D:\App\Knime_2.7.2\plugins\org.eclipse.core.runtime_3.7.0.v20110110.jar;D:\App\Knime_2.7.2\plugins\org.eclipse.osgi_3.7.2.v20120110-1415.jar;D:\App\Knime_2.7.2\plugins\org.eclipse.equinox.common_3.6.0.v20110523.jar;D:\App\Knime_2.7.2\plugins\org.eclipse.core.jobs_3.5.101.v20120113-1953.jar;D:\App\Knime_2.7.2\plugins\org.eclipse.core.runtime.compatibility.registry_3.5.0.v20110505\runtime_registry_compatibility.jar;D:\App\Knime_2.7.2\plugins\org.eclipse.equinox.registry_3.5.101.R37x_v20110810-1611.jar;D:\App\Knime_2.7.2\plugins\org.eclipse.equinox.preferences_3.4.2.v20120111-2020.jar;D:\App\Knime_2.7.2\plugins\org.eclipse.core.contenttype_3.4.100.v20110423-0524.jar;D:\App\Knime_2.7.2\plugins\org.eclipse.equinox.app_1.3.100.v20110321.jar;D:\App\Knime_2.7.2\plugins\org.knime.workbench.core_2.7.0.0035863.jar;D:\App\Knime_2.7.2\plugins\org.knime.core_2.7.2.0036617\knime-core.jar;D:\App\Knime_2.7.2\plugins\org.knime.core_2.7.2.0036617\lib\saxon-he-9.2.0.5.jar;D:\App\Knime_2.7.2\plugins\org.knime.core_2.7.2.0036617\lib\stax-1.2.0.jar;D:\App\Knime_2.7.2\plugins\org.knime.core_2.7.2.0036617\lib\schemas.jar;D:\App\Knime_2.7.2\plugins\org.knime.core.util_4.3.1.0036598.jar;D:\App\Knime_2.7.2\plugins\org.knime.core.pmml_2.7.0.0035991\knime-pmml.jar;D:\App\Knime_2.7.2\plugins\org.knime.core.pmml_2.7.0.0035991\lib\schemas.jar;D:\App\Knime_2.7.2\plugins\org.apache.xmlbeans_2.5.0.0035503\lib\xbean.jar;D:\App\Knime_2.7.2\plugins\org.apache.xmlbeans_2.5.0.0035503\lib\xbean_xpath.jar;D:\App\Knime_2.7.2\plugins\org.eclipse.platform_3.7.2.v201202080800\platform.jar;D:\App\Knime_2.7.2\plugins\org.eclipse.ui_3.7.0.v20110928-1505.jar;D:\App\Knime_2.7.2\plugins\org.eclipse.swt_3.7.2.v3740f.jar;D:\App\Knime_2.7.2\plugins\org.eclipse.swt.win32.win32.x86_64_3.7.2.v3740f.jar;D:\App\Knime_2.7.2\plugins\org.eclipse.jface_3.7.0.v20110928-1505.jar;D:\App\Knime_2.7.2\plugins\org.eclipse.core.commands_3.6.0.I20110111-0800.jar;D:\App\Knime_2.7.2\plugins\org.eclipse.ui.workbench_3.7.1.v20120104-1859.jar;D:\App\Knime_2.7.2\plugins\org.eclipse.gef_3.7.2.v20111106-2020.jar;D:\App\Knime_2.7.2\plugins\org.eclipse.draw2d_3.7.2.v20111017-2020.jar;D:\App\Knime_2.7.2\plugins\org.knime.workbench.repository_2.7.1.0036288\knime-workbench-repository.jar;D:\App\Knime_2.7.2\plugins\org.knime.workbench.repository_2.7.1.0036288\lib\schemas.jar;D:\App\Knime_2.7.2\plugins\org.knime.base_2.7.2.0036614\knime-base.jar;D:\App\Knime_2.7.2\plugins\org.knime.base_2.7.2.0036614\lib\Jama-1.0.2.jar;D:\App\Knime_2.7.2\plugins\org.apache.commons.io_1.4.0.v20081110-1000.jar;D:\App\Knime_2.7.2\plugins\org.junit_4.8.2.v4_8_2_v20110321-1705\junit.jar;D:\App\Knime_2.7.2\plugins\org.hamcrest.core_1.1.0.v20090501071000.jar;D:\Git\4\ic-depress\ic-depress-scm-svn\plugin;C:\Program Files (x86)\Java\jre7\lib\ext\QTJava.zip;D:\App\Knime_2.7.2\plugins\org.apache.ant_1.8.2.v20120109-1030\lib\ant-launcher.jar;D:\App\Knime_2.7.2\plugins\org.apache.ant_1.8.2.v20120109-1030\lib\ant.jar;D:\App\Knime_2.7.2\plugins\org.apache.ant_1.8.2.v20120109-1030\lib\ant-junit.jar;D:\App\Knime_2.7.2\plugins\org.apache.ant_1.8.2.v20120109-1030\lib\ant-junit4.jar" />
    <property name="sun.java.command" value="org.apache.tools.ant.taskdefs.optional.junit.JUnitTestRunner org.impressivecode.depress.scm.svn.test.functional.StructuralTestSuit filtertrace=true haltOnError=false haltOnFailure=false formatter=org.apache.tools.ant.taskdefs.optional.junit.OutErrSummaryJUnitResultFormatter showoutput=false outputtoformatters=true logfailedtests=true logtestlistenerevents=false formatter=org.apache.tools.ant.taskdefs.optional.junit.XMLJUnitResultFormatter,D:\Git\4\ic-depress\ic-depress-scm-svn\plugin\junit\TEST-org.impressivecode.depress.scm.svn.test.functional.StructuralTestSuit.xml crashfile=D:\Git\4\ic-depress\ic-depress-scm-svn\plugin\junitvmwatcher6221687950515215612.properties propsfile=D:\Git\4\ic-depress\ic-depress-scm-svn\plugin\junit5265761070221220549.properties" />
    <property name="ant.version" value="Apache Ant(TM) version 1.8.2 compiled on December 20 2010" />
    <property name="env.PCBRAND" value="Pavilion" />
    <property name="java.vm.specification.name" value="Java Virtual Machine Specification" />
    <property name="env.LOGONSERVER" value="\\MARCIN-LAPTOP" />
    <property name="env.windir" value="C:\Windows" />
    <property name="java.vm.specification.version" value="1.7" />
    <property name="env.PROCESSOR_ARCHITECTURE" value="AMD64" />
    <property name="sun.os.patch.level" value="Service Pack 1" />
    <property name="sun.cpu.endian" value="little" />
    <property name="debuglevel" value="source,lines,vars" />
    <property name="env.HOME" value="D:\DEV\ant1.9.0" />
    <property name="env.ProgramFiles" value="C:\Program Files" />
    <property name="env.ANT_HOME" value="D:\App\Knime_2.7.2\plugins\org.apache.ant_1.8.2.v20120109-1030" />
    <property name="java.io.tmpdir" value="C:\Users\Marcin\AppData\Local\Temp\" />
    <property name="eclipse.pdebuild.home" value="/D:/App/Knime_2.7.2/plugins/org.eclipse.pde.build_3.7.0.v20111116-2009/./" />
    <property name="env.PROCESSOR_REVISION" value="2a07" />
    <property name="env.CommonProgramFiles(x86)" value="C:\Program Files (x86)\Common Files" />
    <property name="env.VBOX_INSTALL_PATH" value="D:\App\Virtual Box\" />
    <property name="ant.file.plugin" value="D:\Git\4\ic-depress\ic-depress-scm-svn\plugin\build.xml" />
    <property name="java.vendor.url.bug" value="http://bugreport.sun.com/bugreport/" />
    <property name="env.SSH_AUTH_SOCK" value="/tmp/ssh-QmuGVa7992/agent.7992" />
    <property name="env.SystemRoot" value="C:\Windows" />
    <property name="env.GIT_SSH" value="D:\App\TortoiseGit\bin\TortoisePlink.exe" />
    <property name="os.arch" value="amd64" />
    <property name="java.awt.graphicsenv" value="sun.awt.Win32GraphicsEnvironment" />
    <property name="java.ext.dirs" value="D:\App\Knime_2.7.2\jre\lib\ext;C:\Windows\Sun\Java\lib\ext" />
    <property name="env.SVN_SSH" value="D:\App\TortoiseGit\bin\TortoisePlink.exe" />
    <property name="user.dir" value="D:\Git\4\ic-depress\ic-depress-scm-svn\plugin" />
    <property name="env.LOCALAPPDATA" value="C:\Users\Marcin\AppData\Local" />
    <property name="line.separator" value="&#xd;&#xa;" />
    <property name="java.vm.name" value="Java HotSpot(TM) 64-Bit Server VM" />
    <property name="env.PATHEXT" value=".COM;.EXE;.BAT;.CMD;.VBS;.VBE;.JS;.JSE;.WSF;.WSH;.MSC" />
    <property name="env.Path" value="D:/App/Knime_2.7.2/jre/bin/server;D:/App/Knime_2.7.2/jre/bin;D:/App/Knime_2.7.2/jre/lib/amd64;C:\Program Files (x86)\PC Connectivity Solution\;C:\Program Files\Common Files\Microsoft Shared\Windows Live;C:\Program Files (x86)\Common Files\Microsoft Shared\Windows Live;C:\Program Files (x86)\AMD APP\bin\x86_64;C:\Program Files (x86)\AMD APP\bin\x86;C:\Program Files (x86)\HP SimplePass 2011\;C:\Windows\system32;C:\Windows;C:\Windows\System32\Wbem;C:\Program Files (x86)\Windows Live\Shared;C:\Program Files (x86)\ATI Technologies\ATI.ACE\Core-Static;D:\DEV\MinGW\msys\1.0\bin;D:\DEV\MinGW\bin;C:\Program Files (x86)\Microsoft SQL Server\90\Tools\binn\;C:\Program Files (x86)\Clarius Consulting\Orientation Aware Control 2008\;D:\App\TortoiseSVN\bin;C:\Program Files\Java\jdk1.7.0_04\bin;C:\Program Files (x86)\Microsoft SQL Server\100\Tools\Binn\VSShell\Common7\IDE\;C:\Program Files (x86)\Microsoft SQL Server\100\Tools\Binn\;C:\Program Files\Microsoft SQL Server\100\Tools\Binn\;C:\Program Files (x86)\Microsoft SQL Server\100\DTS\Binn\;C:\Program Files\Microsoft SQL Server\100\DTS\Binn\;D:\App\doxygen\bin;C:\Program Files\Microsoft Windows Performance Toolkit\;C:\Program Files (x86)\QuickTime\QTSystem\;D:\App\MATLAB\R2009a\bin;D:\App\MATLAB\R2009a\bin\win64;C:\Windows\System32\WindowsPowerShell\v1.0\;C:\Program Files\Microsoft\Web Platform Installer\;C:\Program Files (x86)\Microsoft ASP.NET\ASP.NET Web Pages\v1.0\;C:\Program Files (x86)\Windows Kits\8.0\Windows Performance Toolkit\;C:\Program Files\Microsoft SQL Server\110\Tools\Binn\;C:\Program Files\TortoiseHg\;D:\DEV\mvn3.0.5\bin;D:\DEV\ant1.9.0\bin;D:\App\TortoiseGit\bin;D:\DEV\ant1.9.0\bin;D:\App\Knime_2.7.2;" />
    <property name="basedir" value="D:\Git\4\ic-depress\ic-depress-scm-svn\plugin" />
    <property name="ant.java.version" value="1.7" />
    <property name="ant.core.lib" value="D:\App\Knime_2.7.2\plugins\org.apache.ant_1.8.2.v20120109-1030\lib\ant.jar" />
    <property name="env.USERNAME" value="Marcin" />
    <property name="env.SystemDrive" value="C:" />
    <property name="source" value="1.7" />
    <property name="file.encoding" value="Cp1250" />
    <property name="env.XNAGSv4" value="C:\Program Files (x86)\Microsoft XNA\XNA Game Studio\v4.0\" />
    <property name="env.VS100COMNTOOLS" value="C:\Program Files (x86)\Microsoft Visual Studio 10.0\Common7\Tools\" />
    <property name="env.USERDOMAIN" value="Marcin-Laptop" />
    <property name="java.specification.version" value="1.7" />
    <property name="ant.project.invoked-targets" value="StructuralTestSuit" />
    <property name="env.Platform" value="MCD" />
    <property name="env.PROCESSOR_LEVEL" value="6" />
  </properties>
  <error message="org.impressivecode.depress.scm.svn.test.functional.StructuralTestSuit" type="java.lang.ClassNotFoundException">java.lang.ClassNotFoundException: org.impressivecode.depress.scm.svn.test.functional.StructuralTestSuit
	at java.net.URLClassLoader$1.run(URLClassLoader.java:366)
	at java.net.URLClassLoader$1.run(URLClassLoader.java:355)
	at java.security.AccessController.doPrivileged(Native Method)
	at java.net.URLClassLoader.findClass(URLClassLoader.java:354)
	at java.lang.ClassLoader.loadClass(ClassLoader.java:423)
	at sun.misc.Launcher$AppClassLoader.loadClass(Launcher.java:308)
	at java.lang.ClassLoader.loadClass(ClassLoader.java:356)
	at java.lang.Class.forName0(Native Method)
	at java.lang.Class.forName(Class.java:186)
</error>
  <system-out><![CDATA[]]></system-out>
  <system-err><![CDATA[]]></system-err>
</testsuite>
